авг. 16, 2023 2:30:28 PM org.example.ServerConnection run
INFO: Вася: aaaaaaa
авг. 16, 2023 2:30:59 PM org.example.ServerConnection run
INFO: Вася: aaaaaaaaaaaaaaaaaaaaaaa
авг. 16, 2023 2:31:10 PM org.example.ServerConnection run
INFO: Вася: asdasdasda
авг. 16, 2023 2:32:47 PM org.example.ServerConnection run
INFO: Вася: wregfhj
авг. 16, 2023 2:33:27 PM org.example.ServerConnection run
INFO: Вася: fyghjk
авг. 16, 2023 2:37:27 PM org.example.ServerConnection run
INFO: Вася: asdas
авг. 16, 2023 2:39:10 PM org.example.ServerConnection run
INFO: Вася: asd
авг. 16, 2023 2:39:51 PM org.example.ServerConnection run
INFO: Вася: asdfsa
авг. 16, 2023 3:04:27 PM org.example.ServerConnection run
INFO: Вася: fgh
авг. 16, 2023 3:04:29 PM org.example.ServerConnection run
INFO: Вася: fghj
авг. 16, 2023 3:31:04 PM org.example.ServerConnection run
INFO: Вася: fdsa
